<?xml version="1.0" encoding="UTF-8"?>
<!-- Generated by org.testng.reporters.JUnitReportReporter -->
<testsuite hostname="LAPTOP-BEHQ30E2" failures="0" tests="1" name="Axis.OrangeHRM.BlankCred" time="19.954" errors="0" timestamp="29 Feb 2024 15:26:19 GMT" skipped="0">
  <testcase classname="Axis.OrangeHRM.BlankCred" name="login" time="19.954"/>
</testsuite> <!-- Axis.OrangeHRM.BlankCred -->
