<?xml version="1.0" encoding="UTF-8"?>
<!-- Generated by org.testng.reporters.JUnitReportReporter -->
<testsuite hostname="LAPTOP-BEHQ30E2" failures="0" tests="1" name="Axis.OrangeHRM.DeleteRecord" time="39.564" errors="0" timestamp="29 Feb 2024 17:50:48 GMT" skipped="0">
  <testcase classname="Axis.OrangeHRM.DeleteRecord" name="login" time="39.564"/>
</testsuite> <!-- Axis.OrangeHRM.DeleteRecord -->
