<?xml version="1.0" encoding="UTF-8"?>
<!-- Generated by org.testng.reporters.JUnitReportReporter -->
<testsuite hostname="LAPTOP-BEHQ30E2" failures="0" tests="1" name="Axis.OrangeHRM.JobView" time="44.173" errors="0" timestamp="29 Feb 2024 17:50:48 GMT" skipped="0">
  <testcase classname="Axis.OrangeHRM.JobView" name="login" time="44.173"/>
</testsuite> <!-- Axis.OrangeHRM.JobView -->
