<?xml version="1.0" encoding="UTF-8"?>
<!-- Generated by org.testng.reporters.JUnitReportReporter -->
<testsuite hostname="LAPTOP-BEHQ30E2" failures="0" tests="1" name="Axis.OrangeHRM.LoginOHRM" time="55.821" errors="0" timestamp="29 Feb 2024 17:50:48 GMT" skipped="0">
  <testcase classname="Axis.OrangeHRM.LoginOHRM" name="login" time="55.821"/>
</testsuite> <!-- Axis.OrangeHRM.LoginOHRM -->
