<?xml version="1.0" encoding="UTF-8"?>
<!-- Generated by org.testng.reporters.JUnitReportReporter -->
<testsuite hostname="LAPTOP-BEHQ30E2" failures="0" tests="1" name="Axis.OrangeHRM.AddAttachImmi" time="16.771" errors="0" timestamp="29 Feb 2024 12:29:45 GMT" skipped="0">
  <testcase classname="Axis.OrangeHRM.AddAttachImmi" name="login" time="16.771"/>
</testsuite> <!-- Axis.OrangeHRM.AddAttachImmi -->
