<?xml version="1.0" encoding="UTF-8"?>
<!-- Generated by org.testng.reporters.JUnitReportReporter -->
<testsuite hostname="LAPTOP-BEHQ30E2" failures="0" tests="1" name="Axis.OrangeHRM.AddImmigrationValid" time="35.071" errors="0" timestamp="2024-02-29T23:28:40 IST" skipped="0">
  <testcase classname="Axis.OrangeHRM.AddImmigrationValid" name="login" time="35.071"/>
  <system-out/>
</testsuite> <!-- Axis.OrangeHRM.AddImmigrationValid -->
