<?xml version="1.0" encoding="UTF-8"?>
<!-- Generated by org.testng.reporters.JUnitReportReporter -->
<testsuite hostname="LAPTOP-BEHQ30E2" failures="0" tests="1" name="Axis.OrangeHRM.DeleteRecord" time="25.406" errors="0" timestamp="2024-02-29T23:28:40 IST" skipped="0">
  <testcase classname="Axis.OrangeHRM.DeleteRecord" name="login" time="25.406"/>
  <system-out/>
</testsuite> <!-- Axis.OrangeHRM.DeleteRecord -->
