<?xml version="1.0" encoding="UTF-8"?>
<!-- Generated by org.testng.reporters.JUnitReportReporter -->
<testsuite hostname="LAPTOP-BEHQ30E2" failures="0" tests="1" name="Axis.OrangeHRM.JobView" time="31.770" errors="0" timestamp="2024-02-29T23:28:40 IST" skipped="0">
  <testcase classname="Axis.OrangeHRM.JobView" name="login" time="31.770"/>
  <system-out/>
</testsuite> <!-- Axis.OrangeHRM.JobView -->
