<?xml version="1.0" encoding="UTF-8"?>
<!-- Generated by org.testng.reporters.JUnitReportReporter -->
<testsuite hostname="LAPTOP-BEHQ30E2" failures="0" tests="1" name="Axis.OrangeHRM.AddAttachment" time="31.786" errors="0" timestamp="2024-02-29T23:28:40 IST" skipped="0">
  <testcase classname="Axis.OrangeHRM.AddAttachment" name="login" time="31.786"/>
  <system-out/>
</testsuite> <!-- Axis.OrangeHRM.AddAttachment -->
